<?xml version="1.0" encoding="UTF-8"?>
<!-- Generated by org.testng.reporters.JUnitXMLReporter -->
<testsuite ignored="0" hostname="DESKTOP-BRIO49B" failures="0" tests="3" name="Default test" time="0.076" errors="0" timestamp="2022-05-25T09:48:47 EDT">
  <testcase classname="learntestng.Launch" name="aorangeLaunch" time="0.012"/>
  <testcase classname="learntestng.Launch" name="bguruLaunch" time="0.002"/>
  <testcase classname="learntestng.Launch" name="cgoogleLaunch" time="0.001"/>
</testsuite> <!-- Default test -->
