<?xml version="1.0" encoding="UTF-8"?>
<testng-results ignored="0" total="3" passed="3" failed="0" skipped="0">
  <reporter-output>
  </reporter-output>
  <suite started-at="2022-05-25T09:48:46 EDT" name="Default suite" finished-at="2022-05-25T09:48:46 EDT" duration-ms="76">
    <groups>
    </groups>
    <test started-at="2022-05-25T09:48:46 EDT" name="Default test" finished-at="2022-05-25T09:48:46 EDT" duration-ms="76">
      <class name="learntestng.Launch">
        <test-method signature="aorangeLaunch()[pri:0, instance:learntestng.Launch@4ef37659]" started-at="2022-05-25T09:48:46 EDT" name="aorangeLaunch" finished-at="2022-05-25T09:48:46 EDT" duration-ms="12" status="PASS">
          <reporter-output>
          </reporter-output>
        </test-method> <!-- aorangeLaunch -->
        <test-method signature="bguruLaunch()[pri:0, instance:learntestng.Launch@4ef37659]" started-at="2022-05-25T09:48:46 EDT" name="bguruLaunch" finished-at="2022-05-25T09:48:46 EDT" duration-ms="2" status="PASS">
          <reporter-output>
          </reporter-output>
        </test-method> <!-- bguruLaunch -->
        <test-method signature="cgoogleLaunch()[pri:0, instance:learntestng.Launch@4ef37659]" started-at="2022-05-25T09:48:46 EDT" name="cgoogleLaunch" finished-at="2022-05-25T09:48:46 EDT" duration-ms="1" status="PASS">
          <reporter-output>
          </reporter-output>
        </test-method> <!-- cgoogleLaunch -->
      </class> <!-- learntestng.Launch -->
    </test> <!-- Default test -->
  </suite> <!-- Default suite -->
</testng-results>
